============================= test session starts =============================
platform win32 -- Python 3.13.7, pytest-8.4.2, pluggy-1.6.0 -- C:\Python313\python.exe
cachedir: .pytest_cache
hypothesis profile 'default'
benchmark: 5.2.2 (defaults: timer=time.perf_counter disable_gc=False min_rounds=5 min_time=0.000005 max_time=1.0 calibration_precision=10 warmup=False warmup_iterations=100000)
rootdir: D:\AI AGENT CODERV1\QUANTUM CURRENCY\QFS\V13
configfile: pytest.ini
plugins: anyio-4.11.0, hypothesis-6.148.2, asyncio-1.2.0, benchmark-5.2.2, cov-7.0.0
asyncio: mode=Mode.STRICT, debug=False, asyncio_default_fixture_loop_scope=None, asyncio_default_test_loop_scope=function
collecting ... Error importing AES256 CTR DRBG. Have you tried installing requirements?
ImportError: No module named 'aes256_ctr_drbg'

Dilithium will work perfectly fine with system randomness
liboqs not found, installing it in C:\Users\Usuario\_oqs
Installing in 5 seconds...
Installing in 4 seconds...
Installing in 3 seconds...
Installing in 2 seconds...
Installing in 1 seconds...
Error installing liboqs.
python : Cloning into 
'liboqs'...
At line:1 char:1
+ python -m pytest 
v13/tests/unit/ --igno
re=v13/tests/unit/inte
gration  ...
+ ~~~~~~~~~~~~~~~~~~~~
~~~~~~~~~~~~~~~~~~~~~~
~~~~~~~~~~~~~~~~~~~~~~
~~~~~
    + CategoryInfo    
          : NotSpeci  
  fied: (Cloning in   
 to 'liboqs'...:St    
ring) [], RemoteE    
xception
    + FullyQualifiedE 
   rrorId : NativeCo  
  mmandError
 
fatal: Remote branch 
0.14.1 not found in 
upstream origin
Traceback (most recent call last):
  File "C:\Users\Usuario\AppData\Roaming\Python\Python313\site-packages\oqs\oqs.py", line 240, in _load_liboqs
    liboqs = _load_shared_obj(
        name="oqs",
        additional_searching_paths=[oqs_lib_dir, oqs_lib64_dir],
    )
  File "C:\Users\Usuario\AppData\Roaming\Python\Python313\site-packages\oqs\oqs.py", line 139, in _load_shared_obj
    raise RuntimeError(msg)
RuntimeError: No oqs shared libraries found
collected 44 items / 3 errors
INTERNALERROR> Traceback (most recent call last):
INTERNALERROR>   File "C:\Users\Usuario\AppData\Roaming\Python\Python313\site-packages\oqs\oqs.py", line 240, in _load_liboqs
INTERNALERROR>     liboqs = _load_shared_obj(
INTERNALERROR>         name="oqs",
INTERNALERROR>         additional_searching_paths=[oqs_lib_dir, oqs_lib64_dir],
INTERNALERROR>     )
INTERNALERROR>   File "C:\Users\Usuario\AppData\Roaming\Python\Python313\site-packages\oqs\oqs.py", line 139, in _load_shared_obj
INTERNALERROR>     raise RuntimeError(msg)
INTERNALERROR> RuntimeError: No oqs shared libraries found
INTERNALERROR> 
INTERNALERROR> During handling of the above exception, another exception occurred:
INTERNALERROR> 
INTERNALERROR> Traceback (most recent call last):
INTERNALERROR>   File "C:\Users\Usuario\AppData\Roaming\Python\Python313\site-packages\_pytest\main.py", line 289, in wrap_session
INTERNALERROR>     session.exitstatus = doit(config, session) or 0
INTERNALERROR>                          ~~~~^^^^^^^^^^^^^^^^^
INTERNALERROR>   File "C:\Users\Usuario\AppData\Roaming\Python\Python313\site-packages\_pytest\main.py", line 342, in _main
INTERNALERROR>     config.hook.pytest_collection(session=session)
INTERNALERROR>     ~~~~~~~~~~~~~~~~~~~~~~~~~~~~~^^^^^^^^^^^^^^^^^
INTERNALERROR>   File "C:\Users\Usuario\AppData\Roaming\Python\Python313\site-packages\pluggy\_hooks.py", line 512, in __call__
INTERNALERROR>     return self._hookexec(self.name, self._hookimpls.copy(), kwargs, firstresult)
INTERNALERROR>            ~~~~~~~~~~~~~~^^^^^^^^^^^^^^^^^^^^^^^^^^^^^^^^^^^^^^^^^^^^^^^^^^^^^^^^
INTERNALERROR>   File "C:\Users\Usuario\AppData\Roaming\Python\Python313\site-packages\pluggy\_manager.py", line 120, in _hookexec
INTERNALERROR>     return self._inner_hookexec(hook_name, methods, kwargs, firstresult)
INTERNALERROR>            ~~~~~~~~~~~~~~~~~~~~^^^^^^^^^^^^^^^^^^^^^^^^^^^^^^^^^^^^^^^^^
INTERNALERROR>   File "C:\Users\Usuario\AppData\Roaming\Python\Python313\site-packages\pluggy\_callers.py", line 167, in _multicall
INTERNALERROR>     raise exception
INTERNALERROR>   File "C:\Users\Usuario\AppData\Roaming\Python\Python313\site-packages\pluggy\_callers.py", line 139, in _multicall
INTERNALERROR>     teardown.throw(exception)
INTERNALERROR>     ~~~~~~~~~~~~~~^^^^^^^^^^^
INTERNALERROR>   File "C:\Users\Usuario\AppData\Roaming\Python\Python313\site-packages\_pytest\logging.py", line 788, in pytest_collection
INTERNALERROR>     return (yield)
INTERNALERROR>             ^^^^^
INTERNALERROR>   File "C:\Users\Usuario\AppData\Roaming\Python\Python313\site-packages\pluggy\_callers.py", line 139, in _multicall
INTERNALERROR>     teardown.throw(exception)
INTERNALERROR>     ~~~~~~~~~~~~~~^^^^^^^^^^^
INTERNALERROR>   File "C:\Users\Usuario\AppData\Roaming\Python\Python313\site-packages\_pytest\warnings.py", line 99, in pytest_collection
INTERNALERROR>     return (yield)
INTERNALERROR>             ^^^^^
INTERNALERROR>   File "C:\Users\Usuario\AppData\Roaming\Python\Python313\site-packages\pluggy\_callers.py", line 139, in _multicall
INTERNALERROR>     teardown.throw(exception)
INTERNALERROR>     ~~~~~~~~~~~~~~^^^^^^^^^^^
INTERNALERROR>   File "C:\Users\Usuario\AppData\Roaming\Python\Python313\site-packages\_pytest\config\__init__.py", line 1450, in pytest_collection
INTERNALERROR>     return (yield)
INTERNALERROR>             ^^^^^
INTERNALERROR>   File "C:\Users\Usuario\AppData\Roaming\Python\Python313\site-packages\pluggy\_callers.py", line 121, in _multicall
INTERNALERROR>     res = hook_impl.function(*args)
INTERNALERROR>   File "C:\Users\Usuario\AppData\Roaming\Python\Python313\site-packages\_pytest\main.py", line 353, in pytest_collection
INTERNALERROR>     session.perform_collect()
INTERNALERROR>     ~~~~~~~~~~~~~~~~~~~~~~~^^
INTERNALERROR>   File "C:\Users\Usuario\AppData\Roaming\Python\Python313\site-packages\_pytest\main.py", line 813, in perform_collect
INTERNALERROR>     self.items.extend(self.genitems(node))
INTERNALERROR>     ~~~~~~~~~~~~~~~~~^^^^^^^^^^^^^^^^^^^^^
INTERNALERROR>   File "C:\Users\Usuario\AppData\Roaming\Python\Python313\site-packages\_pytest\main.py", line 979, in genitems
INTERNALERROR>     yield from self.genitems(subnode)
INTERNALERROR>   File "C:\Users\Usuario\AppData\Roaming\Python\Python313\site-packages\_pytest\main.py", line 974, in genitems
INTERNALERROR>     rep, duplicate = self._collect_one_node(node, handle_dupes)
INTERNALERROR>                      ~~~~~~~~~~~~~~~~~~~~~~^^^^^^^^^^^^^^^^^^^^
INTERNALERROR>   File "C:\Users\Usuario\AppData\Roaming\Python\Python313\site-packages\_pytest\main.py", line 839, in _collect_one_node
INTERNALERROR>     rep = collect_one_node(node)
INTERNALERROR>   File "C:\Users\Usuario\AppData\Roaming\Python\Python313\site-packages\_pytest\runner.py", line 567, in collect_one_node
INTERNALERROR>     rep: CollectReport = ihook.pytest_make_collect_report(collector=collector)
INTERNALERROR>                          ~~~~~~~~~~~~~~~~~~~~~~~~~~~~~~~~^^^^^^^^^^^^^^^^^^^^^
INTERNALERROR>   File "C:\Users\Usuario\AppData\Roaming\Python\Python313\site-packages\pluggy\_hooks.py", line 512, in __call__
INTERNALERROR>     return self._hookexec(self.name, self._hookimpls.copy(), kwargs, firstresult)
INTERNALERROR>            ~~~~~~~~~~~~~~^^^^^^^^^^^^^^^^^^^^^^^^^^^^^^^^^^^^^^^^^^^^^^^^^^^^^^^^
INTERNALERROR>   File "C:\Users\Usuario\AppData\Roaming\Python\Python313\site-packages\pluggy\_manager.py", line 120, in _hookexec
INTERNALERROR>     return self._inner_hookexec(hook_name, methods, kwargs, firstresult)
INTERNALERROR>            ~~~~~~~~~~~~~~~~~~~~^^^^^^^^^^^^^^^^^^^^^^^^^^^^^^^^^^^^^^^^^
INTERNALERROR>   File "C:\Users\Usuario\AppData\Roaming\Python\Python313\site-packages\pluggy\_callers.py", line 167, in _multicall
INTERNALERROR>     raise exception
INTERNALERROR>   File "C:\Users\Usuario\AppData\Roaming\Python\Python313\site-packages\pluggy\_callers.py", line 139, in _multicall
INTERNALERROR>     teardown.throw(exception)
INTERNALERROR>     ~~~~~~~~~~~~~~^^^^^^^^^^^
INTERNALERROR>   File "C:\Users\Usuario\AppData\Roaming\Python\Python313\site-packages\_pytest\capture.py", line 880, in pytest_make_collect_report
INTERNALERROR>     rep = yield
INTERNALERROR>           ^^^^^
INTERNALERROR>   File "C:\Users\Usuario\AppData\Roaming\Python\Python313\site-packages\pluggy\_callers.py", line 121, in _multicall
INTERNALERROR>     res = hook_impl.function(*args)
INTERNALERROR>   File "C:\Users\Usuario\AppData\Roaming\Python\Python313\site-packages\_pytest\runner.py", line 391, in pytest_make_collect_report
INTERNALERROR>     call = CallInfo.from_call(
INTERNALERROR>         collect, "collect", reraise=(KeyboardInterrupt, SystemExit)
INTERNALERROR>     )
INTERNALERROR>   File "C:\Users\Usuario\AppData\Roaming\Python\Python313\site-packages\_pytest\runner.py", line 344, in from_call
INTERNALERROR>     result: TResult | None = func()
INTERNALERROR>                              ~~~~^^
INTERNALERROR>   File "C:\Users\Usuario\AppData\Roaming\Python\Python313\site-packages\_pytest\runner.py", line 389, in collect
INTERNALERROR>     return list(collector.collect())
INTERNALERROR>                 ~~~~~~~~~~~~~~~~~^^
INTERNALERROR>   File "C:\Users\Usuario\AppData\Roaming\Python\Python313\site-packages\_pytest\python.py", line 554, in collect
INTERNALERROR>     self._register_setup_module_fixture()
INTERNALERROR>     ~~~~~~~~~~~~~~~~~~~~~~~~~~~~~~~~~~~^^
INTERNALERROR>   File "C:\Users\Usuario\AppData\Roaming\Python\Python313\site-packages\_pytest\python.py", line 567, in _register_setup_module_fixture
INTERNALERROR>     self.obj, ("setUpModule", "setup_module")
INTERNALERROR>     ^^^^^^^^
INTERNALERROR>   File "C:\Users\Usuario\AppData\Roaming\Python\Python313\site-packages\_pytest\python.py", line 280, in obj
INTERNALERROR>     self._obj = obj = self._getobj()
INTERNALERROR>                       ~~~~~~~~~~~~^^
INTERNALERROR>   File "C:\Users\Usuario\AppData\Roaming\Python\Python313\site-packages\_pytest\python.py", line 551, in _getobj
mainloop: caught 
unexpected SystemExit!
INTERNALERROR>     return importtestmodule(self.path, self.config)
INTERNALERROR>   File "C:\Users\Usuario\AppData\Roaming\Python\Python313\site-packages\_pytest\python.py", line 498, in importtestmodule
INTERNALERROR>     mod = import_path(
INTERNALERROR>         path,
INTERNALERROR>     ...<2 lines>...
INTERNALERROR>         consider_namespace_packages=config.getini("consider_namespace_packages"),
INTERNALERROR>     )
INTERNALERROR>   File "C:\Users\Usuario\AppData\Roaming\Python\Python313\site-packages\_pytest\pathlib.py", line 587, in import_path
INTERNALERROR>     importlib.import_module(module_name)
INTERNALERROR>     ~~~~~~~~~~~~~~~~~~~~~~~^^^^^^^^^^^^^
INTERNALERROR>   File "C:\Python313\Lib\importlib\__init__.py", line 88, in import_module
INTERNALERROR>     return _bootstrap._gcd_import(name[level:], package, level)
INTERNALERROR>            ~~~~~~~~~~~~~~~~~~~~~~^^^^^^^^^^^^^^^^^^^^^^^^^^^^^^
INTERNALERROR>   File "<frozen importlib._bootstrap>", line 1387, in _gcd_import
INTERNALERROR>   File "<frozen importlib._bootstrap>", line 1360, in _find_and_load
INTERNALERROR>   File "<frozen importlib._bootstrap>", line 1331, in _find_and_load_unlocked
INTERNALERROR>   File "<frozen importlib._bootstrap>", line 935, in _load_unlocked
INTERNALERROR>   File "C:\Users\Usuario\AppData\Roaming\Python\Python313\site-packages\_pytest\assertion\rewrite.py", line 186, in exec_module
INTERNALERROR>     exec(co, module.__dict__)
INTERNALERROR>     ~~~~^^^^^^^^^^^^^^^^^^^^^
INTERNALERROR>   File "D:\AI AGENT CODERV1\QUANTUM CURRENCY\QFS\V13\v13\tests\unit\test_gateway_explain.py", line 3, in <module>
INTERNALERROR>     from v13.atlas_api.gateway import AtlasAPIGateway
INTERNALERROR>   File "D:\AI AGENT CODERV1\QUANTUM CURRENCY\QFS\V13\v13\atlas_api\gateway.py", line 12, in <module>
INTERNALERROR>     from ..core.CoherenceLedger import CoherenceLedger, LedgerEntry
INTERNALERROR>   File "D:\AI AGENT CODERV1\QUANTUM CURRENCY\QFS\V13\v13\core\CoherenceLedger.py", line 15, in <module>
INTERNALERROR>     from v13.libs.PQC import PQC
INTERNALERROR>   File "D:\AI AGENT CODERV1\QUANTUM CURRENCY\QFS\V13\v13\libs\PQC.py", line 12, in <module>
INTERNALERROR>     from .pqc.oqs_adapter import get_adapter
INTERNALERROR>   File "D:\AI AGENT CODERV1\QUANTUM CURRENCY\QFS\V13\v13\libs\pqc\oqs_adapter.py", line 22, in <module>
INTERNALERROR>     import oqs
INTERNALERROR>   File "C:\Users\Usuario\AppData\Roaming\Python\Python313\site-packages\oqs\__init__.py", line 1, in <module>
INTERNALERROR>     from oqs.oqs import (
INTERNALERROR>     ...<19 lines>...
INTERNALERROR>     )
INTERNALERROR>   File "C:\Users\Usuario\AppData\Roaming\Python\Python313\site-packages\oqs\oqs.py", line 262, in <module>
INTERNALERROR>     _liboqs = _load_liboqs()
INTERNALERROR>   File "C:\Users\Usuario\AppData\Roaming\Python\Python313\site-packages\oqs\oqs.py", line 247, in _load_liboqs
INTERNALERROR>     _install_liboqs(target_directory=oqs_install_dir, oqs_version_to_install=OQS_VERSION)
INTERNALERROR>     ~~~~~~~~~~~~~~~^^^^^^^^^^^^^^^^^^^^^^^^^^^^^^^^^^^^^^^^^^^^^^^^^^^^^^^^^^^^^^^^^^^^^^
INTERNALERROR>   File "C:\Users\Usuario\AppData\Roaming\Python\Python313\site-packages\oqs\oqs.py", line 218, in _install_liboqs
INTERNALERROR>     raise SystemExit(1)
INTERNALERROR> SystemExit: 1

============================== 3 errors in 6.50s ==============================
